<?xml version="1.0" encoding="UTF-8"?>
<!-- Generated by org.testng.reporters.JUnitReportReporter -->
<testsuite skipped="0" hostname="IN3229237W1" name="tests.GetAEDValueTestCase" tests="2" failures="0" timestamp="2024-04-30T16:55:21 IST" time="3.223" errors="0">
  <testcase name="ValidateAPISuccess_returnsValidPrice" time="2.887" classname="tests.GetAEDValueTestCase"/>
  <system-out/>
  <testcase name="Validate_aedValue" time="0.336" classname="tests.GetAEDValueTestCase"/>
  <system-out/>
</testsuite> <!-- tests.GetAEDValueTestCase -->
