<?xml version="1.0" encoding="UTF-8"?>
<!-- Generated by org.testng.reporters.JUnitReportReporter -->
<testsuite skipped="0" hostname="IN3229237W1" name="tests.GetTimeStampValueTestCase" tests="1" failures="0" timestamp="2024-04-30T17:22:08 IST" time="0.442" errors="0">
  <testcase name="Validate_TimeStampResponse" time="0.442" classname="tests.GetTimeStampValueTestCase"/>
  <system-out/>
</testsuite> <!-- tests.GetTimeStampValueTestCase -->
