<?xml version="1.0" encoding="UTF-8"?>
<!-- Generated by org.testng.reporters.JUnitReportReporter -->
<testsuite skipped="0" hostname="IN3229237W1" name="tests.GetRequestTestCase" tests="1" failures="0" timestamp="2024-04-30T16:55:21 IST" time="0.339" errors="0">
  <testcase name="Validate_getRequest_Success_Validation" time="0.339" classname="tests.GetRequestTestCase"/>
  <system-out/>
</testsuite> <!-- tests.GetRequestTestCase -->
