<?xml version="1.0" encoding="UTF-8"?>
<!-- Generated by org.testng.reporters.JUnitReportReporter -->
<testsuite skipped="0" hostname="IN3229237W1" name="tests.JsonSchemaValidationTestCase" tests="1" failures="0" timestamp="2024-04-30T17:22:08 IST" time="1.824" errors="0">
  <testcase name="validate_jsonSchema_response" time="1.824" classname="tests.JsonSchemaValidationTestCase"/>
  <system-out/>
</testsuite> <!-- tests.JsonSchemaValidationTestCase -->
