<?xml version="1.0" encoding="UTF-8"?>
<!-- Generated by org.testng.reporters.JUnitReportReporter -->
<testsuite skipped="0" hostname="IN3229237W1" name="tests.GetAEDValueTestCase" tests="1" failures="0" timestamp="2024-04-30T11:59:01 IST" time="2.750" errors="0">
  <testcase name="getAEDConversionRates" time="2.750" classname="tests.GetAEDValueTestCase"/>
  <system-out/>
</testsuite> <!-- tests.GetAEDValueTestCase -->
